<?xml version="1.0" encoding="UTF-8"?>
<!-- Generated by org.testng.reporters.JUnitReportReporter -->
<testsuite hostname="10-PRO-X64" failures="0" tests="2" name="qaclickacademy.SeleniumTest" time="0.013" errors="0" timestamp="2022-08-17T21:52:10 EDT" skipped="0">
  <testcase classname="qaclickacademy.SeleniumTest" name="ElementsUI" time="0.002"/>
  <system-out/>
  <testcase classname="qaclickacademy.SeleniumTest" name="BrowserAutomation" time="0.011"/>
  <system-out/>
</testsuite> <!-- qaclickacademy.SeleniumTest -->
